0 info it worked if it ends with ok
1 verbose cli [ 'node', '/usr/local/bin/npm', 'test' ]
2 info using npm@1.1.30
3 info using node@v0.8.2
4 verbose config file /Users/rumpl/.npmrc
5 verbose config file /usr/local/etc/npmrc
6 verbose config file /usr/local/lib/node_modules/npm/npmrc
7 verbose read json /Users/rumpl/dev/migrate/package.json
8 error TypeError: Object #<Object> has no method 'trim'
8 error     at /usr/local/lib/node_modules/npm/node_modules/read-package-json/read-json.js:467:39
8 error     at Array.forEach (native)
8 error     at depObjectify (/usr/local/lib/node_modules/npm/node_modules/read-package-json/read-json.js:466:22)
8 error     at objectifyDep_ (/usr/local/lib/node_modules/npm/node_modules/read-package-json/read-json.js:457:30)
8 error     at /usr/local/lib/node_modules/npm/node_modules/read-package-json/read-json.js:444:33
8 error     at Array.forEach (native)
8 error     at objectifyDeps (/usr/local/lib/node_modules/npm/node_modules/read-package-json/read-json.js:443:26)
8 error     at final (/usr/local/lib/node_modules/npm/node_modules/read-package-json/read-json.js:293:17)
8 error     at /usr/local/lib/node_modules/npm/node_modules/read-package-json/read-json.js:115:33
8 error     at cb (/usr/local/lib/node_modules/npm/node_modules/slide/lib/async-map.js:48:11)
8 error  [TypeError: Object #<Object> has no method 'trim']
9 error You may report this log at:
9 error     <http://github.com/isaacs/npm/issues>
9 error or email it to:
9 error     <npm-@googlegroups.com>
10 error System Darwin 11.4.0
11 error command "node" "/usr/local/bin/npm" "test"
12 error cwd /Users/rumpl/dev/migrate
13 error node -v v0.8.2
14 error npm -v 1.1.30
15 error type undefined_method
16 error message Object #<Object> has no method 'trim'
17 verbose exit [ 1, true ]
